
23_SASS.pdf
23_SASS.pdfWarning: fopen(23_SASS.pdf): Failed to open stream: No such file or directory

23_SASS.pdf1
tutu
tutu
tutu
tutu
tutu
23_SASS.pdf1
tutu
tutu
tutu
tutu
tutu

N:\Studi\Cours/FRONT-END/Front - 01 - Créer un site web avec HTML, CSS et le Framework Bootstrap/10 - La mise en page avec CSS.pdf1
N:\Studi\Cours/FRONT-END/Front - 01 - Créer un site web avec HTML, CSS et le Framework Bootstrap/12 - La création de formulaires.pdf1
N:\Studi\Cours/FRONT-END/Front - 01 - Créer un site web avec HTML, CSS et le Framework Bootstrap/12 - La création de formulaires.pdf1
N:\Studi\Cours/FRONT-END/Front - 01 - Créer un site web avec HTML, CSS et le Framework Bootstrap/05 - Le multimédia en HTML.pdf1
N:\Studi\Cours/FRONT-END/Front - 01 - Créer un site web avec HTML, CSS et le Framework Bootstrap/17 - Valider la qualité de son site.pdf1
N:\Studi\Cours/FRONT-END/Front - 01 - Créer un site web avec HTML, CSS et le Framework Bootstrap/16 - Le responsive design.pdf1
N:\Studi\Cours/FRONT-END/Front - 01 - Créer un site web avec HTML, CSS et le Framework Bootstrap/16 - Le responsive design.pdf1
N:\Studi\Cours/FRONT-END/Front - 01 - Créer un site web avec HTML, CSS et le Framework Bootstrap/16 - Le responsive design.pdf1
N:\Studi\Cours/FRONT-END/Front - 01 - Créer un site web avec HTML, CSS et le Framework Bootstrap/16 - Le responsive design.pdf1
N:\Studi\Cours/FRONT-END/Front - 01 - Créer un site web avec HTML, CSS et le Framework Bootstrap/16 - Le responsive design.pdf1
N:\Studi\Cours/FRONT-END/Front - 01 - Créer un site web avec HTML, CSS et le Framework Bootstrap/12 - La création de formulaires.pdf1
N:\Studi\Cours/FRONT-END/Front - 01 - Créer un site web avec HTML, CSS et le Framework Bootstrap/16 - Le responsive design.pdf1
N:\Studi\Cours/FRONT-END/Front - 01 - Créer un site web avec HTML, CSS et le Framework Bootstrap/16 - Le responsive design.pdf1
N:\Studi\Cours/FRONT-END/Front - 01 - Créer un site web avec HTML, CSS et le Framework Bootstrap/16 - Le responsive design.pdf1
N:\Studi\Cours/FRONT-END/Front - 01 - Créer un site web avec HTML, CSS et le Framework Bootstrap/16 - Le responsive design.pdf1
N:\Studi\Cours/FRONT-END/Front - 01 - Créer un site web avec HTML, CSS et le Framework Bootstrap/16 - Le responsive design.pdf1
N:\Studi\Cours/FRONT-END/Front - 01 - Créer un site web avec HTML, CSS et le Framework Bootstrap/16 - Le responsive design.pdf1
N:\Studi\Cours/FRONT-END/Front - 01 - Créer un site web avec HTML, CSS et le Framework Bootstrap/11 - La création de tableaux.pdf1
N:\Studi\Cours/FRONT-END/Front - 01 - Créer un site web avec HTML, CSS et le Framework Bootstrap/14 - Les effets avancés en CSS.pdf1
N:\Studi\Cours/FRONT-END/Front - 01 - Créer un site web avec HTML, CSS et le Framework Bootstrap/12 - La création de formulaires.pdf1
N:\Studi\Cours/FRONT-END/Front - 01 - Créer un site web avec HTML, CSS et le Framework Bootstrap/16 - Le responsive design.pdf1
N:\Studi\Cours/FRONT-END/Front - 01 - Créer un site web avec HTML, CSS et le Framework Bootstrap/05 - Le multimédia en HTML.pdf1
N:\Studi\Cours/FRONT-END/Front - 01 - Créer un site web avec HTML, CSS et le Framework Bootstrap/09 - Les sélecteurs CSS.pdf1
N:\Studi\Cours/FRONT-END/Front - 01 - Créer un site web avec HTML, CSS et le Framework Bootstrap/12 - La création de formulaires.pdf1
N:\Studi\Cours/FRONT-END/Front - 01 - Créer un site web avec HTML, CSS et le Framework Bootstrap/12 - La création de formulaires.pdf1
N:\Studi\Cours/FRONT-END/Front - 01 - Créer un site web avec HTML, CSS et le Framework Bootstrap/14 - Les effets avancés en CSS.pdf1
N:\Studi\Cours/FRONT-END/Front - 01 - Créer un site web avec HTML, CSS et le Framework Bootstrap/14 - Les effets avancés en CSS.pdf1
N:\Studi\Cours/FRONT-END/Front - 01 - Créer un site web avec HTML, CSS et le Framework Bootstrap/10 - La mise en page avec CSS.pdf1
N:\Studi\Cours/FRONT-END/Front - 01 - Créer un site web avec HTML, CSS et le Framework Bootstrap/04 -Un langage hypertexte.pdf1
N:\Studi\Cours/FRONT-END/Front - 01 - Créer un site web avec HTML, CSS et le Framework Bootstrap/15 - Utiliser la documentation CSS.pdf1
N:\Studi\Cours/FRONT-END/Front - 01 - Créer un site web avec HTML, CSS et le Framework Bootstrap/17 - Valider la qualité de son site.pdf1
N:\Studi\Cours/FRONT-END/Front - 01 - Créer un site web avec HTML, CSS et le Framework Bootstrap/15 - Utiliser la documentation CSS.pdf1
N:\Studi\Cours/FRONT-END/Front - 01 - Créer un site web avec HTML, CSS et le Framework Bootstrap/13 - Layout avec CSS Grid.pdf1
N:\Studi\Cours/FRONT-END/Front - 01 - Créer un site web avec HTML, CSS et le Framework Bootstrap/06 - Introduction au CSS.pdf1